[0m[[0m[0minfo[0m] [0m[0m[32mTollBoothSpec:[0m[0m
[0m[[0m[0minfo[0m] [0m[0m[32mA TollLane[0m[0m
[0m[[0m[0minfo[0m] [0m[0m[31m- must process a single vehicle at time *** FAILED ***[0m[0m
[0m[[0m[0minfo[0m] [0m[0m[31m  java.lang.AssertionError: assertion failed: expected PaymentHistory(List(Payment(vhl-1,PriceCents(1000)))), found PaymentHistory(List(Payment(vhl-1,PriceCents(1000)), Payment(vhl-2,PriceCents(1000))))[0m[0m
[0m[[0m[0minfo[0m] [0m[0m[31m  at scala.Predef$.assert(Predef.scala:219)[0m[0m
[0m[[0m[0minfo[0m] [0m[0m[31m  at akka.testkit.TestKitBase.expectMsg_internal(TestKit.scala:403)[0m[0m
[0m[[0m[0minfo[0m] [0m[0m[31m  at akka.testkit.TestKitBase.expectMsg(TestKit.scala:379)[0m[0m
[0m[[0m[0minfo[0m] [0m[0m[31m  at akka.testkit.TestKitBase.expectMsg$(TestKit.scala:379)[0m[0m
[0m[[0m[0minfo[0m] [0m[0m[31m  at akka.testkit.TestKit.expectMsg(TestKit.scala:896)[0m[0m
[0m[[0m[0minfo[0m] [0m[0m[31m  at yoppworks.hackerchallenge.test.TollBoothSpec.$anonfun$new$2(TollBoothSpec.scala:49)[0m[0m
[0m[[0m[0minfo[0m] [0m[0m[31m  at scala.runtime.java8.JFunction0$mcV$sp.apply(JFunction0$mcV$sp.java:12)[0m[0m
[0m[[0m[0minfo[0m] [0m[0m[31m  at org.scalatest.OutcomeOf.outcomeOf(OutcomeOf.scala:85)[0m[0m
[0m[[0m[0minfo[0m] [0m[0m[31m  at org.scalatest.OutcomeOf.outcomeOf$(OutcomeOf.scala:83)[0m[0m
[0m[[0m[0minfo[0m] [0m[0m[31m  at org.scalatest.OutcomeOf$.outcomeOf(OutcomeOf.scala:104)[0m[0m
[0m[[0m[0minfo[0m] [0m[0m[31m  ...[0m[0m
